<?xml version="1.0" encoding="UTF-8"?>
<testsuite xmlns:xsi="http://www.w3.org/2001/XMLSchema-instance" xsi:noNamespaceSchemaLocation="https://maven.apache.org/surefire/maven-surefire-plugin/xsd/surefire-test-report-3.0.xsd" version="3.0" name="edu.yu.cs.com1320.project.stage5.impl.DocumentPersistenceManagerTest" time="0.093" tests="2" errors="0" skipped="0" failures="0">
  <properties>
[...]
</properties>
  <testcase name="testSerealize" classname="edu.yu.cs.com1320.project.stage5.impl.DocumentPersistenceManagerTest" time="0.078">
    <system-out><![CDATA[New dir created
New dir created
dir here already
]]></system-out>
  </testcase>
  <testcase name="testDeserealize" classname="edu.yu.cs.com1320.project.stage5.impl.DocumentPersistenceManagerTest" time="0.014"/>
</testsuite>