<?xml version="1.0" encoding="UTF-8"?>
<testsuite xmlns:xsi="http://www.w3.org/2001/XMLSchema-instance" xsi:noNamespaceSchemaLocation="https://maven.apache.org/surefire/maven-surefire-plugin/xsd/surefire-test-report-3.0.xsd" version="3.0" name="edu.yu.cs.com1320.project.stage3.impl.DocumentStoreImplTest" time="0.175" tests="65" errors="0" skipped="0" failures="0">
  <properties>
[...]
</properties>
  <testcase name="testCollisionPutValues" classname="edu.yu.cs.com1320.project.stage3.impl.DocumentStoreImplTest" time="0.016"/>
  <testcase name="basicSearchDeleteTest" classname="edu.yu.cs.com1320.project.stage3.impl.DocumentStoreImplTest" time="0.008"/>
  <testcase name="testStackUriPutOverwrite" classname="edu.yu.cs.com1320.project.stage3.impl.DocumentStoreImplTest" time="0"/>
  <testcase name="testStackUndo" classname="edu.yu.cs.com1320.project.stage3.impl.DocumentStoreImplTest" time="0.001"/>
  <testcase name="hashTableImplReplacementTest" classname="edu.yu.cs.com1320.project.stage3.impl.DocumentStoreImplTest" time="0">
    <system-out><![CDATA[passed Test: hashTableImplReplacementTest
]]></system-out>
  </testcase>
  <testcase name="testUndoCommandSet2" classname="edu.yu.cs.com1320.project.stage3.impl.DocumentStoreImplTest" time="0.001"/>
  <testcase name="testUndoCommandSet" classname="edu.yu.cs.com1320.project.stage3.impl.DocumentStoreImplTest" time="0.003"/>
  <testcase name="testCollisionPutValues2" classname="edu.yu.cs.com1320.project.stage3.impl.DocumentStoreImplTest" time="0.001"/>
  <testcase name="DocumentStoreImplTest2" classname="edu.yu.cs.com1320.project.stage3.impl.DocumentStoreImplTest" time="0.001"/>
  <testcase name="hashTableImplALotOfInfoTest2" classname="edu.yu.cs.com1320.project.stage3.impl.DocumentStoreImplTest" time="0.004"/>
  <testcase name="testPointlessDeleteFullUndo" classname="edu.yu.cs.com1320.project.stage3.impl.DocumentStoreImplTest" time="0.001"/>
  <testcase name="testUndo" classname="edu.yu.cs.com1320.project.stage3.impl.DocumentStoreImplTest" time="0.038"/>
  <testcase name="basicCollision" classname="edu.yu.cs.com1320.project.stage3.impl.DocumentStoreImplTest" time="0">
    <system-out><![CDATA[passed Test: basicCollision
]]></system-out>
  </testcase>
  <testcase name="testThrowsException" classname="edu.yu.cs.com1320.project.stage3.impl.DocumentStoreImplTest" time="0"/>
  <testcase name="testPutNullDeletion" classname="edu.yu.cs.com1320.project.stage3.impl.DocumentStoreImplTest" time="0.001"/>
  <testcase name="testPutDocumentStoreAsBinary" classname="edu.yu.cs.com1320.project.stage3.impl.DocumentStoreImplTest" time="0.004"/>
  <testcase name="testStackUndoUri" classname="edu.yu.cs.com1320.project.stage3.impl.DocumentStoreImplTest" time="0.001"/>
  <testcase name="testUndoSpecificUri" classname="edu.yu.cs.com1320.project.stage3.impl.DocumentStoreImplTest" time="0"/>
  <testcase name="hashTableImplReplacementTest2" classname="edu.yu.cs.com1320.project.stage3.impl.DocumentStoreImplTest" time="0">
    <system-out><![CDATA[passed Test: hashTableImplReplacementTest2
]]></system-out>
  </testcase>
  <testcase name="hashTableImplReplacementTest3" classname="edu.yu.cs.com1320.project.stage3.impl.DocumentStoreImplTest" time="0"/>
  <testcase name="hashTableImplReplacementTest4" classname="edu.yu.cs.com1320.project.stage3.impl.DocumentStoreImplTest" time="0.001"/>
  <testcase name="undoTest2" classname="edu.yu.cs.com1320.project.stage3.impl.DocumentStoreImplTest" time="0"/>
  <testcase name="testPointlessPutEmptyUndo" classname="edu.yu.cs.com1320.project.stage3.impl.DocumentStoreImplTest" time="0"/>
  <testcase name="TestDeleteDocument" classname="edu.yu.cs.com1320.project.stage3.impl.DocumentStoreImplTest" time="0"/>
  <testcase name="addNewToStore" classname="edu.yu.cs.com1320.project.stage3.impl.DocumentStoreImplTest" time="0.002"/>
  <testcase name="undoTest" classname="edu.yu.cs.com1320.project.stage3.impl.DocumentStoreImplTest" time="0.004"/>
  <testcase name="testPutDocumentStoreAsText" classname="edu.yu.cs.com1320.project.stage3.impl.DocumentStoreImplTest" time="0.001"/>
  <testcase name="TestBasicBinaryDocument" classname="edu.yu.cs.com1320.project.stage3.impl.DocumentStoreImplTest" time="0"/>
  <testcase name="wordCountAndGetWordsTest" classname="edu.yu.cs.com1320.project.stage3.impl.DocumentStoreImplTest" time="0.003"/>
  <testcase name="basicCollision2" classname="edu.yu.cs.com1320.project.stage3.impl.DocumentStoreImplTest" time="0.001"/>
  <testcase name="testPointlessPutFullUndo" classname="edu.yu.cs.com1320.project.stage3.impl.DocumentStoreImplTest" time="0"/>
  <testcase name="testPutDocumentStoreAsText2" classname="edu.yu.cs.com1320.project.stage3.impl.DocumentStoreImplTest" time="0.001"/>
  <testcase name="testGetAndPutReturnValues" classname="edu.yu.cs.com1320.project.stage3.impl.DocumentStoreImplTest" time="0.012"/>
  <testcase name="hashTableImplSimplePutAndGet" classname="edu.yu.cs.com1320.project.stage3.impl.DocumentStoreImplTest" time="0"/>
  <testcase name="testDeleteAndDeleteAll" classname="edu.yu.cs.com1320.project.stage3.impl.DocumentStoreImplTest" time="0.003"/>
  <testcase name="testStackUriDeleteOverwriteMultipleDocs" classname="edu.yu.cs.com1320.project.stage3.impl.DocumentStoreImplTest" time="0.002"/>
  <testcase name="hashTableImplSimplePutAndGet2" classname="edu.yu.cs.com1320.project.stage3.impl.DocumentStoreImplTest" time="0"/>
  <testcase name="DocumentStoreImplTest" classname="edu.yu.cs.com1320.project.stage3.impl.DocumentStoreImplTest" time="0.003"/>
  <testcase name="HashEqualButNotEqual" classname="edu.yu.cs.com1320.project.stage3.impl.DocumentStoreImplTest" time="0.001"/>
  <testcase name="basicPutOverwriteTest" classname="edu.yu.cs.com1320.project.stage3.impl.DocumentStoreImplTest" time="0.001"/>
  <testcase name="testSimplePutValues2" classname="edu.yu.cs.com1320.project.stage3.impl.DocumentStoreImplTest" time="0"/>
  <testcase name="testStackUriDeleteOverwrite" classname="edu.yu.cs.com1320.project.stage3.impl.DocumentStoreImplTest" time="0.001"/>
  <testcase name="basicSameCell" classname="edu.yu.cs.com1320.project.stage3.impl.DocumentStoreImplTest" time="0"/>
  <testcase name="basicSearchAndOrganizationTest" classname="edu.yu.cs.com1320.project.stage3.impl.DocumentStoreImplTest" time="0.002"/>
  <testcase name="addOldToStore" classname="edu.yu.cs.com1320.project.stage3.impl.DocumentStoreImplTest" time="0.001"/>
  <testcase name="docTest2" classname="edu.yu.cs.com1320.project.stage3.impl.DocumentStoreImplTest" time="0"/>
  <testcase name="hashTableImplALotOfInfoTest" classname="edu.yu.cs.com1320.project.stage3.impl.DocumentStoreImplTest" time="0.002">
    <system-out><![CDATA[passed Test: hashTableImplALotOfInfoTest
]]></system-out>
  </testcase>
  <testcase name="testGetAndPut" classname="edu.yu.cs.com1320.project.stage3.impl.DocumentStoreImplTest" time="0.006"/>
  <testcase name="TestBasicTxtDocument" classname="edu.yu.cs.com1320.project.stage3.impl.DocumentStoreImplTest" time="0"/>
  <testcase name="testUndoWithArgs" classname="edu.yu.cs.com1320.project.stage3.impl.DocumentStoreImplTest" time="0.001"/>
  <testcase name="testUndoNoArgs" classname="edu.yu.cs.com1320.project.stage3.impl.DocumentStoreImplTest" time="0.001"/>
  <testcase name="testDelete" classname="edu.yu.cs.com1320.project.stage3.impl.DocumentStoreImplTest" time="0.004"/>
  <testcase name="testThrowException" classname="edu.yu.cs.com1320.project.stage3.impl.DocumentStoreImplTest" time="0.005"/>
  <testcase name="hashTableImplCollisionTest" classname="edu.yu.cs.com1320.project.stage3.impl.DocumentStoreImplTest" time="0">
    <system-out><![CDATA[passed Test: hashTableImplCollisionTest
]]></system-out>
  </testcase>
  <testcase name="testPutDocumentStoreAsBinary2" classname="edu.yu.cs.com1320.project.stage3.impl.DocumentStoreImplTest" time="0.005"/>
  <testcase name="testThrowException2" classname="edu.yu.cs.com1320.project.stage3.impl.DocumentStoreImplTest" time="0.001"/>
  <testcase name="basicGetAndPut" classname="edu.yu.cs.com1320.project.stage3.impl.DocumentStoreImplTest" time="0.001"/>
  <testcase name="hashTableDelNullPut" classname="edu.yu.cs.com1320.project.stage3.impl.DocumentStoreImplTest" time="0"/>
  <testcase name="removeCommandSet" classname="edu.yu.cs.com1320.project.stage3.impl.DocumentStoreImplTest" time="0"/>
  <testcase name="hashTableImplCollisionTest2" classname="edu.yu.cs.com1320.project.stage3.impl.DocumentStoreImplTest" time="0.001"/>
  <testcase name="docTest" classname="edu.yu.cs.com1320.project.stage3.impl.DocumentStoreImplTest" time="0">
    <system-out><![CDATA[passed Test: docTest
]]></system-out>
  </testcase>
  <testcase name="testPointlessDeleteEmptyUndo" classname="edu.yu.cs.com1320.project.stage3.impl.DocumentStoreImplTest" time="0.001"/>
  <testcase name="illegal" classname="edu.yu.cs.com1320.project.stage3.impl.DocumentStoreImplTest" time="0"/>
  <testcase name="testStackUriDeleteOverwriteNoParams" classname="edu.yu.cs.com1320.project.stage3.impl.DocumentStoreImplTest" time="0.001"/>
  <testcase name="testSimplePutValues" classname="edu.yu.cs.com1320.project.stage3.impl.DocumentStoreImplTest" time="0"/>
</testsuite>